 Provera Loggera 
2018-02-14 13:37:07,311 ERROR [main] - zadaci.rajkoJegdic.LoggerTest.main 22 - Matrica mora da ima bar dva reda i dve kolone!
2018-02-14 13:51:19,386 DEBUG [main] - zadaci.rajkoJegdic.LoggerTest.ispisiMatricu 66 - 2 
2018-02-14 13:51:19,386 DEBUG [main] - zadaci.rajkoJegdic.LoggerTest.ispisiMatricu 66 - 3 
2018-02-14 13:51:19,390 DEBUG [main] - zadaci.rajkoJegdic.LoggerTest.ispisiMatricu 68 - 

2018-02-14 13:51:19,390 DEBUG [main] - zadaci.rajkoJegdic.LoggerTest.ispisiMatricu 66 - 5 
2018-02-14 13:51:19,390 DEBUG [main] - zadaci.rajkoJegdic.LoggerTest.ispisiMatricu 66 - 6 
2018-02-14 13:51:19,390 DEBUG [main] - zadaci.rajkoJegdic.LoggerTest.ispisiMatricu 68 - 

2018-02-14 13:53:39,307 DEBUG [main] - zadaci.rajkoJegdic.LoggerTest.ispisiMatricu 66 - 2 
2018-02-14 13:53:39,319 DEBUG [main] - zadaci.rajkoJegdic.LoggerTest.ispisiMatricu 66 - 3 
2018-02-14 13:53:39,319 DEBUG [main] - zadaci.rajkoJegdic.LoggerTest.ispisiMatricu 68 - 

2018-02-14 13:53:39,319 DEBUG [main] - zadaci.rajkoJegdic.LoggerTest.ispisiMatricu 66 - 5 
2018-02-14 13:53:39,320 DEBUG [main] - zadaci.rajkoJegdic.LoggerTest.ispisiMatricu 66 - 6 
2018-02-14 13:53:39,320 DEBUG [main] - zadaci.rajkoJegdic.LoggerTest.ispisiMatricu 68 - 

2018-02-14 13:55:05,104 DEBUG [main] - zadaci.rajkoJegdic.LoggerTest.ispisiMatricu 66 - 2 
2018-02-14 13:55:05,104 DEBUG [main] - zadaci.rajkoJegdic.LoggerTest.ispisiMatricu 66 - 3 
2018-02-14 13:55:05,104 DEBUG [main] - zadaci.rajkoJegdic.LoggerTest.ispisiMatricu 68 - 

2018-02-14 13:55:05,104 DEBUG [main] - zadaci.rajkoJegdic.LoggerTest.ispisiMatricu 66 - 5 
2018-02-14 13:55:05,104 DEBUG [main] - zadaci.rajkoJegdic.LoggerTest.ispisiMatricu 66 - 6 
2018-02-14 13:55:05,104 DEBUG [main] - zadaci.rajkoJegdic.LoggerTest.ispisiMatricu 68 - 

2018-02-14 14:04:19,204 DEBUG [main] - zadaci.rajkoJegdic.LoggerTest.main 23 - Enter n: 
2018-02-14 14:04:26,085 DEBUG [main] - zadaci.rajkoJegdic.LoggerTest.main 23 - Enter n: 
2018-02-14 14:04:49,016 DEBUG [main] - zadaci.SekeresStefan.LoggerTest.main 23 - Enter n: 
2018-02-14 14:05:23,080 DEBUG [main] - zadaci.SekeresStefan.LoggerTest.main 21 - Enter n: 
2018-02-14 14:05:29,847 DEBUG [main] - zadaci.SekeresStefan.LoggerTest.main 24 - Enter m: 
2018-02-14 14:05:35,095 DEBUG [main] - zadaci.SekeresStefan.LoggerTest.main 31 - Max sum je: 10
2018-02-14 14:05:35,095 DEBUG [main] - zadaci.SekeresStefan.LoggerTest.printMatrix 68 -  1
2018-02-14 14:05:35,095 DEBUG [main] - zadaci.SekeresStefan.LoggerTest.printMatrix 68 -  2
2018-02-14 14:05:35,095 DEBUG [main] - zadaci.SekeresStefan.LoggerTest.printMatrix 70 - 

2018-02-14 14:05:35,095 DEBUG [main] - zadaci.SekeresStefan.LoggerTest.printMatrix 68 -  3
2018-02-14 14:05:35,097 DEBUG [main] - zadaci.SekeresStefan.LoggerTest.printMatrix 68 -  4
2018-02-14 14:05:35,097 DEBUG [main] - zadaci.SekeresStefan.LoggerTest.printMatrix 70 - 

2018-02-14 14:08:40,215 DEBUG [main] - zadaci.SekeresStefan.LoggerTest.main 21 - Enter n: 
2018-02-14 14:08:42,300 DEBUG [main] - zadaci.SekeresStefan.LoggerTest.main 24 - Enter m: 
2018-02-14 14:08:46,804 DEBUG [main] - zadaci.SekeresStefan.LoggerTest.main 31 - Max sum je: 10
2018-02-14 14:08:46,804 DEBUG [main] - zadaci.SekeresStefan.LoggerTest.printMatrix 68 -  1
2018-02-14 14:08:46,804 DEBUG [main] - zadaci.SekeresStefan.LoggerTest.printMatrix 68 -  2
2018-02-14 14:08:46,804 DEBUG [main] - zadaci.SekeresStefan.LoggerTest.printMatrix 70 - 

2018-02-14 14:08:46,805 DEBUG [main] - zadaci.SekeresStefan.LoggerTest.printMatrix 68 -  3
2018-02-14 14:08:46,806 DEBUG [main] - zadaci.SekeresStefan.LoggerTest.printMatrix 68 -  4
2018-02-14 14:08:46,806 DEBUG [main] - zadaci.SekeresStefan.LoggerTest.printMatrix 70 - 

2018-02-14 14:10:03,219 DEBUG [main] - zadaci.SekeresStefan.LoggerTest.pokreni 20 - Ovo je debug : Provera
2018-02-14 14:10:03,221  INFO [main] - zadaci.SekeresStefan.LoggerTest.pokreni 25 - Ovo je info : Provera
2018-02-14 14:10:03,221  WARN [main] - zadaci.SekeresStefan.LoggerTest.pokreni 28 - Ovo je warn : Provera
2018-02-14 14:10:03,221 ERROR [main] - zadaci.SekeresStefan.LoggerTest.pokreni 29 - ovo je error : Provera
2018-02-14 14:10:03,221 FATAL [main] - zadaci.SekeresStefan.LoggerTest.pokreni 30 - Ovo je fatal : Provera
2018-02-14 14:10:26,167 DEBUG [main] - zadaci.VladimirJevtic.LoggerTest.main 12 -  Provera Loggera 
2018-02-14 14:10:26,168  INFO [main] - zadaci.VladimirJevtic.LoggerTest.main 14 -  Provera Loggera
2018-02-14 14:10:26,168 DEBUG [main] - zadaci.VladimirJevtic.LoggerTest.main 15 - Poruka
2018-02-14 14:10:26,168 ERROR [main] - zadaci.VladimirJevtic.LoggerTest.main 16 - A
2018-02-14 14:12:45,746 DEBUG [main] - zadaci.rajkoJegdic.LoggerTest.ispisiMatricu 66 - 1 
2018-02-14 14:12:45,749 DEBUG [main] - zadaci.rajkoJegdic.LoggerTest.ispisiMatricu 66 - 2 
2018-02-14 14:12:45,749 DEBUG [main] - zadaci.rajkoJegdic.LoggerTest.ispisiMatricu 68 - 

2018-02-14 14:12:45,749 DEBUG [main] - zadaci.rajkoJegdic.LoggerTest.ispisiMatricu 66 - 3 
2018-02-14 14:12:45,749 DEBUG [main] - zadaci.rajkoJegdic.LoggerTest.ispisiMatricu 66 - 4 
2018-02-14 14:12:45,749 DEBUG [main] - zadaci.rajkoJegdic.LoggerTest.ispisiMatricu 68 - 

